
/home/runner/work/exp-hydraulic-press-iitb/exp-hydraulic-press-iitb/experiment/simulation/common_libraries/js/ts_components/collapse_step.js
   1:10  warning  'show_step' is defined but never used                 no-unused-vars
   2:5   warning  '$' is not defined                                    no-undef
   3:9   warning  '$' is not defined                                    no-undef
   6:10  warning  'hide_step' is defined but never used                 no-unused-vars
   7:5   warning  '$' is not defined                                    no-undef
   8:9   warning  '$' is not defined                                    no-undef
  11:10  warning  'get_collapse_btn_text' is defined but never used     no-unused-vars
  20:10  warning  'get_collapse_btn_element' is defined but never used  no-unused-vars
  29:10  warning  'hide_all_steps' is defined but never used            no-unused-vars
  31:9   warning  '$' is not defined                                    no-undef

/home/runner/work/exp-hydraulic-press-iitb/exp-hydraulic-press-iitb/experiment/simulation/common_libraries/js/ts_components/matrix.js
   27:26  warning  'MathJax' is not defined                                no-undef
   32:7   warning  'Matrix_Without_String' is defined but never used       no-unused-vars
   52:26  warning  'MathJax' is not defined                                no-undef
   56:10  warning  'get_matrix_html' is defined but never used             no-unused-vars
   87:13  warning  'row_html' is assigned a value but never used           no-unused-vars
   99:10  warning  'get_matrix_html_with_title' is defined but never used  no-unused-vars
  131:13  warning  'row_html' is assigned a value but never used           no-unused-vars
  143:10  warning  'convert_2d_to_1d_vector' is defined but never used     no-unused-vars
  156:10  warning  'convert_1d_to_2d_matrix' is defined but never used     no-unused-vars

/home/runner/work/exp-hydraulic-press-iitb/exp-hydraulic-press-iitb/experiment/simulation/common_libraries/js/ts_components/pannel.js
  8:7  warning  'Pannel' is defined but never used  no-unused-vars

/home/runner/work/exp-hydraulic-press-iitb/exp-hydraulic-press-iitb/experiment/simulation/common_libraries/js/ts_components/questions.js
   6:17  warning  'op1' is assigned a value but never used      no-unused-vars
   7:17  warning  'op2' is assigned a value but never used      no-unused-vars
   8:17  warning  'op3' is assigned a value but never used      no-unused-vars
   9:17  warning  'op4' is assigned a value but never used      no-unused-vars
  94:7   warning  'Question_Options' is defined but never used  no-unused-vars

/home/runner/work/exp-hydraulic-press-iitb/exp-hydraulic-press-iitb/experiment/simulation/common_libraries/js/ts_components/tables.js
   19:22  warning  'verify_values' is not defined                                     no-undef
  137:22  warning  'verify_values' is not defined                                     no-undef
  260:7   warning  'Verify_Rows_Cols_6_decimal_places' is defined but never used      no-unused-vars
  311:22  warning  'verify_values' is not defined                                     no-undef
  416:7   warning  'Verify_Rows_Cols_Custom_Fixed_Update1' is defined but never used  no-unused-vars
  468:7   warning  'Show_Table_Custom_Fixed' is defined but never used                no-unused-vars
  506:7   warning  'Verify_Rows_Cols_Strings' is defined but never used               no-unused-vars
  527:22  warning  'verify_values' is not defined                                     no-undef
  663:7   warning  'Display_Table' is defined but never used                          no-unused-vars

/home/runner/work/exp-hydraulic-press-iitb/exp-hydraulic-press-iitb/experiment/simulation/common_libraries/js/ts_math_library/general_math_functions.js
    1:10  warning  'verify_values' is defined but never used                   no-unused-vars
   17:10  warning  'random1' is defined but never used                         no-unused-vars
   21:10  warning  'std_deviation' is defined but never used                   no-unused-vars
   26:10  warning  'gauss' is defined but never used                           no-unused-vars
   56:10  warning  'hide_panel' is defined but never used                      no-unused-vars
   63:10  warning  'inverse_matrix' is defined but never used                  no-unused-vars
   96:10  warning  'matrix_multiplication' is defined but never used           no-unused-vars
  113:10  warning  'transpose_matrix' is defined but never used                no-unused-vars
  123:10  warning  'matrix_multiplication_8decimal' is defined but never used  no-unused-vars
  140:10  warning  'adjoint_2x2_matrix' is defined but never used              no-unused-vars
  145:10  warning  'find_deteminant' is defined but never used                 no-unused-vars
  174:10  warning  'get_Submatrix' is defined but never used                   no-unused-vars

/home/runner/work/exp-hydraulic-press-iitb/exp-hydraulic-press-iitb/experiment/simulation/common_libraries/js/ts_math_library/regression.js
   1:10  warning  'regression_linear' is defined but never used            no-unused-vars
  18:10  warning  'regression_linear_1variable' is defined but never used  no-unused-vars
  27:10  warning  'regression_linear_2variable' is defined but never used  no-unused-vars
  52:11  warning  'gauss' is not defined                                   no-undef

/home/runner/work/exp-hydraulic-press-iitb/exp-hydraulic-press-iitb/experiment/simulation/common_libraries/math.ob.js
  1:745  warning  'b' is already defined  no-redeclare

/home/runner/work/exp-hydraulic-press-iitb/exp-hydraulic-press-iitb/experiment/simulation/js/activity1.js
   14:9   warning  'MathJax' is not defined                                    no-undef
   18:10  warning  'start_act1' is defined but never used                      no-unused-vars
   23:20  warning  'get_collapse_btn_text' is not defined                      no-undef
   28:43  warning  'D' is not defined                                          no-undef
   28:74  warning  'd' is not defined                                          no-undef
   34:74  warning  'F' is not defined                                          no-undef
   40:29  warning  Unnecessary escape character: \π                            no-useless-escape
   40:35  warning  Unnecessary escape character: \×                            no-useless-escape
   50:29  warning  Unnecessary escape character: \π                            no-useless-escape
   50:35  warning  Unnecessary escape character: \×                            no-useless-escape
   62:5   warning  'hide_all_steps' is not defined                             no-undef
   64:9   warning  'MathJax' is not defined                                    no-undef
   67:9   warning  'show_step' is not defined                                  no-undef
   74:5   warning  'A' is not defined                                          no-undef
   75:5   warning  'a' is not defined                                          no-undef
   76:5   warning  'p' is not defined                                          no-undef
   77:5   warning  'w' is not defined                                          no-undef
   81:5   warning  'A' is not defined                                          no-undef
   81:35  warning  'D' is not defined                                          no-undef
   82:5   warning  'a' is not defined                                          no-undef
   82:35  warning  'd' is not defined                                          no-undef
   83:5   warning  'p' is not defined                                          no-undef
   83:9   warning  'F' is not defined                                          no-undef
   83:24  warning  'a' is not defined                                          no-undef
   84:5   warning  'w' is not defined                                          no-undef
   84:9   warning  'p' is not defined                                          no-undef
   84:24  warning  'A' is not defined                                          no-undef
   86:10  warning  'verify_area' is defined but never used                     no-unused-vars
   89:17  warning  'A' is not defined                                          no-undef
   89:20  warning  'a' is not defined                                          no-undef
   90:10  warning  'verify_values' is not defined                              no-undef
   90:49  warning  'A' is not defined                                          no-undef
   99:10  warning  'verify_values' is not defined                              no-undef
   99:49  warning  'a' is not defined                                          no-undef
  114:23  warning  Unnecessary escape character: \π                            no-useless-escape
  114:29  warning  Unnecessary escape character: \×                            no-useless-escape
  115:33  warning  'A' is not defined                                          no-undef
  119:23  warning  Unnecessary escape character: \π                            no-useless-escape
  119:29  warning  Unnecessary escape character: \×                            no-useless-escape
  120:33  warning  'a' is not defined                                          no-undef
  126:9   warning  'MathJax' is not defined                                    no-undef
  129:10  warning  'load_pressure_div' is defined but never used               no-unused-vars
  149:36  warning  Unnecessary escape character: \×                            no-useless-escape
  161:9   warning  'MathJax' is not defined                                    no-undef
  164:10  warning  'verify_pressure' is defined but never used                 no-unused-vars
  167:17  warning  'p' is not defined                                          no-undef
  167:20  warning  'w' is not defined                                          no-undef
  168:10  warning  'verify_values' is not defined                              no-undef
  168:49  warning  'p' is not defined                                          no-undef
  177:10  warning  'verify_values' is not defined                              no-undef
  177:49  warning  'w' is not defined                                          no-undef
  193:34  warning  'p' is not defined                                          no-undef
  197:33  warning  Unnecessary escape character: \×                            no-useless-escape
  198:33  warning  'w' is not defined                                          no-undef
  204:9   warning  'MathJax' is not defined                                    no-undef
  207:10  warning  'load_kinematic_viscosity_stoke' is defined but never used  no-unused-vars
  215:10  warning  Unnecessary escape character: \ν                            no-useless-escape
  215:30  warning  Unnecessary escape character: \ν                            no-useless-escape
  215:47  warning  Unnecessary escape character: \×                            no-useless-escape
  221:16  warning  Unnecessary escape character: \ν                            no-useless-escape
  231:9   warning  'MathJax' is not defined                                    no-undef
  234:10  warning  'exp_complete' is defined but never used                    no-unused-vars

/home/runner/work/exp-hydraulic-press-iitb/exp-hydraulic-press-iitb/experiment/simulation/js/data.js
   2:5  warning  'D' is assigned a value but never used  no-unused-vars
   4:5  warning  'd' is assigned a value but never used  no-unused-vars
   6:5  warning  'F' is assigned a value but never used  no-unused-vars
   8:5  warning  'A' is defined but never used           no-unused-vars
  10:5  warning  'a' is defined but never used           no-unused-vars
  12:5  warning  'p' is defined but never used           no-unused-vars
  14:5  warning  'w' is defined but never used           no-unused-vars

/home/runner/work/exp-hydraulic-press-iitb/exp-hydraulic-press-iitb/experiment/simulation/js/screen_size.js
  1:10  warning  'set_screen_size' is defined but never used  no-unused-vars

✖ 121 problems (0 errors, 121 warnings)

